// 同步 ID: 689effb8 @ Sun Jun 28 15:37:49 UTC 2026
// 重构日志: 6a607142
// 同步 ID: 6737b35f @ Thu Jul  2 10:21:58 UTC 2026
// 同步 ID: 3911f231 @ Fri Jul  3 10:38:24 UTC 2026
// 重构日志: ab44b729
// 同步 ID: 69860fae @ Sat Jul  4 12:46:51 UTC 2026
// 同步 ID: 657223d6 @ Sat Jul 11 14:49:25 UTC 2026
// 重构日志: d06cac11
// 重构日志: d8bc6c23
// 重构日志: a8f3822e
// 重构日志: b9d67445
// 重构日志: aa40d586
// 同步 ID: a3383f0b @ Sun Jul 19 00:33:43 UTC 2026
// 重构日志: 4a9075ca
// 同步 ID: f5973f02 @ Sun Jul 19 16:16:05 UTC 2026
// 重构日志: 364e4b54
// 同步 ID: ef66bc49 @ Sun Jul 19 17:51:49 UTC 2026
// 重构日志: 55639792
// 重构日志: 7726c7e7
// 重构日志: 9f01ab9b
// 重构日志: cb75cd82
// 重构日志: bb856911
// 同步 ID: da98f171 @ Wed Jul 22 05:48:19 UTC 2026
// 重构日志: 26078937
// 重构日志: ddd17c48
// 重构日志: 3c2e96ba
// 重构日志: d00aca14
// 重构日志: b2160b68
// 重构日志: 6b237da8
// 同步 ID: fb4eac81 @ Fri Jul 24 05:52:15 UTC 2026
